[debug] [2025-04-14T18:49:54.143Z] ----------------------------------------------------------------------
[debug] [2025-04-14T18:49:54.145Z] Command:       /usr/local/share/nvm/versions/node/v20.19.0/bin/node /home/codespace/nvm/current/bin/firebase login --no-localhost
[debug] [2025-04-14T18:49:54.146Z] CLI Version:   14.1.0
[debug] [2025-04-14T18:49:54.146Z] Platform:      linux
[debug] [2025-04-14T18:49:54.146Z] Node Version:  v20.19.0
[debug] [2025-04-14T18:49:54.146Z] Time:          Mon Apr 14 2025 18:49:54 GMT+0000 (Coordinated Universal Time)
[debug] [2025-04-14T18:49:54.146Z] Env Overrides: GITHUB_API_URL, GITHUB_API_URL
[debug] [2025-04-14T18:49:54.146Z] ----------------------------------------------------------------------
[debug] 
[debug] [2025-04-14T18:49:54.148Z] >>> [apiv2][query] GET https://firebase-public.firebaseio.com/cli.json [none]
[info] i  Firebase optionally collects CLI and Emulator Suite usage and error reporting information to help improve our products. Data is collected in accordance with Google's privacy policy (https://policies.google.com/privacy) and is not used to identify you.
 
[debug] [2025-04-14T18:49:54.294Z] <<< [apiv2][status] GET https://firebase-public.firebaseio.com/cli.json 200
[debug] [2025-04-14T18:49:54.295Z] <<< [apiv2][body] GET https://firebase-public.firebaseio.com/cli.json {"cloudBuildErrorAfter":1594252800000,"cloudBuildWarnAfter":1590019200000,"defaultNode10After":1594252800000,"minVersion":"3.0.5","node8DeploysDisabledAfter":1613390400000,"node8RuntimeDisabledAfter":1615809600000,"node8WarnAfter":1600128000000}
[info] i  To change your data collection preference at any time, run `firebase logout` and log in again. 
[debug] [2025-04-14T18:49:56.680Z] >>> [apiv2][query] POST https://auth.firebase.tools/attest [none]
[debug] [2025-04-14T18:49:56.680Z] >>> [apiv2][body] POST https://auth.firebase.tools/attest {"session_id":"0dcda0e9-36a7-4fb7-96af-244ddf5af013"}
[debug] [2025-04-14T18:49:57.067Z] <<< [apiv2][status] POST https://auth.firebase.tools/attest 200
[debug] [2025-04-14T18:49:57.067Z] <<< [apiv2][body] POST https://auth.firebase.tools/attest {"token":"hQ0T2XXaylZ3vxR7W6fBj2wxsRwH-OuIi7paSXDyoW4"}
[info] 
[info] To sign in to the Firebase CLI:
[info] 
[info] 1. Take note of your session ID:
[info] 
[info]    0DCDA
[info] 
[info] 2. Visit the URL below on any device and follow the instructions to get your code:
[info] 
[info]    https://auth.firebase.tools/login?code_challenge=0Vjhb48WOxsAhwSPuy07Vb0eADd3qTEvAZdwzV--lb8&session=0dcda0e9-36a7-4fb7-96af-244ddf5af013&attest=hQ0T2XXaylZ3vxR7W6fBj2wxsRwH-OuIi7paSXDyoW4
[info] 
[info] 3. Paste or enter the authorization code below once you have it:
[info] 
